
AVRASM ver. 2.1.30  C:\Users\herma\Downloads\1pdsm8535\PDSM-2022\ATMEGA8535\Subpercobaan 4 dan 5 ADC dan PWM\Debug\List\adcpwm.asm Tue Oct 31 13:40:37 2023

C:\Users\herma\Downloads\1pdsm8535\PDSM-2022\ATMEGA8535\Subpercobaan 4 dan 5 ADC dan PWM\Debug\List\adcpwm.asm(1086): warning: Register r4 already defined by the .DEF directive
C:\Users\herma\Downloads\1pdsm8535\PDSM-2022\ATMEGA8535\Subpercobaan 4 dan 5 ADC dan PWM\Debug\List\adcpwm.asm(1087): warning: Register r5 already defined by the .DEF directive
C:\Users\herma\Downloads\1pdsm8535\PDSM-2022\ATMEGA8535\Subpercobaan 4 dan 5 ADC dan PWM\Debug\List\adcpwm.asm(1088): warning: Register r7 already defined by the .DEF directive
C:\Users\herma\Downloads\1pdsm8535\PDSM-2022\ATMEGA8535\Subpercobaan 4 dan 5 ADC dan PWM\Debug\List\adcpwm.asm(1089): warning: Register r6 already defined by the .DEF directive
C:\Users\herma\Downloads\1pdsm8535\PDSM-2022\ATMEGA8535\Subpercobaan 4 dan 5 ADC dan PWM\Debug\List\adcpwm.asm(1090): warning: Register r9 already defined by the .DEF directive
C:\Users\herma\Downloads\1pdsm8535\PDSM-2022\ATMEGA8535\Subpercobaan 4 dan 5 ADC dan PWM\Debug\List\adcpwm.asm(1091): warning: Register r8 already defined by the .DEF directive
                 
                 
                 ;CodeVisionAVR C Compiler V3.14 Advanced
                 ;(C) Copyright 1998-2014 Pavel Haiduc, HP InfoTech s.r.l.
                 ;http://www.hpinfotech.com
                 
                 ;Build configuration    : Debug
                 ;Chip type              : ATmega8535
                 ;Program type           : Application
                 ;Clock frequency        : 16,000000 MHz
                 ;Memory model           : Small
                 ;Optimize for           : Size
                 ;(s)printf features     : int, width
                 ;(s)scanf features      : int, width
                 ;External RAM size      : 0
                 ;Data Stack size        : 128 byte(s)
                 ;Heap size              : 0 byte(s)
                 ;Promote 'char' to 'int': Yes
                 ;'char' is unsigned     : Yes
                 ;8 bit enums            : Yes
                 ;Global 'const' stored in FLASH: Yes
                 ;Enhanced function parameter passing: Yes
                 ;Enhanced core instructions: On
                 ;Automatic register allocation for global variables: On
                 ;Smart register allocation: On
                 
                 	#define _MODEL_SMALL_
                 
                 	#pragma AVRPART ADMIN PART_NAME ATmega8535
                 	#pragma AVRPART MEMORY PROG_FLASH 8192
                 	#pragma AVRPART MEMORY EEPROM 512
                 	#pragma AVRPART MEMORY INT_SRAM SIZE 512
                 	#pragma AVRPART MEMORY INT_SRAM START_ADDR 0x60
                 
                 	.LISTMAC
                 	.EQU UDRE=0x5
                 	.EQU RXC=0x7
                 	.EQU USR=0xB
                 	.EQU UDR=0xC
                 	.EQU SPSR=0xE
                 	.EQU SPDR=0xF
                 	.EQU EERE=0x0
                 	.EQU EEWE=0x1
                 	.EQU EEMWE=0x2
                 	.EQU EECR=0x1C
                 	.EQU EEDR=0x1D
                 	.EQU EEARL=0x1E
                 	.EQU EEARH=0x1F
                 	.EQU WDTCR=0x21
                 	.EQU MCUCR=0x35
                 	.EQU GICR=0x3B
                 	.EQU SPL=0x3D
                 	.EQU SPH=0x3E
                 	.EQU SREG=0x3F
                 
                 	.DEF R0X0=R0
                 	.DEF R0X1=R1
                 	.DEF R0X2=R2
                 	.DEF R0X3=R3
                 	.DEF R0X4=R4
                 	.DEF R0X5=R5
                 	.DEF R0X6=R6
                 	.DEF R0X7=R7
                 	.DEF R0X8=R8
                 	.DEF R0X9=R9
                 	.DEF R0XA=R10
                 	.DEF R0XB=R11
                 	.DEF R0XC=R12
                 	.DEF R0XD=R13
                 	.DEF R0XE=R14
                 	.DEF R0XF=R15
                 	.DEF R0X10=R16
                 	.DEF R0X11=R17
                 	.DEF R0X12=R18
                 	.DEF R0X13=R19
                 	.DEF R0X14=R20
                 	.DEF R0X15=R21
                 	.DEF R0X16=R22
                 	.DEF R0X17=R23
                 	.DEF R0X18=R24
                 	.DEF R0X19=R25
                 	.DEF R0X1A=R26
                 	.DEF R0X1B=R27
                 	.DEF R0X1C=R28
                 	.DEF R0X1D=R29
                 	.DEF R0X1E=R30
                 	.DEF R0X1F=R31
                 
                 	.EQU __SRAM_START=0x0060
                 	.EQU __SRAM_END=0x025F
                 	.EQU __DSTACK_SIZE=0x0080
                 	.EQU __HEAP_SIZE=0x0000
                 	.EQU __CLEAR_SRAM_SIZE=__SRAM_END-__SRAM_START+1
                 
                 	.MACRO __CPD1N
                 	CPI  R30,LOW(@0)
                 	LDI  R26,HIGH(@0)
                 	CPC  R31,R26
                 	LDI  R26,BYTE3(@0)
                 	CPC  R22,R26
                 	LDI  R26,BYTE4(@0)
                 	CPC  R23,R26
                 	.ENDM
                 
                 	.MACRO __CPD2N
                 	CPI  R26,LOW(@0)
                 	LDI  R30,HIGH(@0)
                 	CPC  R27,R30
                 	LDI  R30,BYTE3(@0)
                 	CPC  R24,R30
                 	LDI  R30,BYTE4(@0)
                 	CPC  R25,R30
                 	.ENDM
                 
                 	.MACRO __CPWRR
                 	CP   R@0,R@2
                 	CPC  R@1,R@3
                 	.ENDM
                 
                 	.MACRO __CPWRN
                 	CPI  R@0,LOW(@2)
                 	LDI  R30,HIGH(@2)
                 	CPC  R@1,R30
                 	.ENDM
                 
                 	.MACRO __ADDB1MN
                 	SUBI R30,LOW(-@0-(@1))
                 	.ENDM
                 
                 	.MACRO __ADDB2MN
                 	SUBI R26,LOW(-@0-(@1))
                 	.ENDM
                 
                 	.MACRO __ADDW1MN
                 	SUBI R30,LOW(-@0-(@1))
                 	SBCI R31,HIGH(-@0-(@1))
                 	.ENDM
                 
                 	.MACRO __ADDW2MN
                 	SUBI R26,LOW(-@0-(@1))
                 	SBCI R27,HIGH(-@0-(@1))
                 	.ENDM
                 
                 	.MACRO __ADDW1FN
                 	SUBI R30,LOW(-2*@0-(@1))
                 	SBCI R31,HIGH(-2*@0-(@1))
                 	.ENDM
                 
                 	.MACRO __ADDD1FN
                 	SUBI R30,LOW(-2*@0-(@1))
                 	SBCI R31,HIGH(-2*@0-(@1))
                 	SBCI R22,BYTE3(-2*@0-(@1))
                 	.ENDM
                 
                 	.MACRO __ADDD1N
                 	SUBI R30,LOW(-@0)
                 	SBCI R31,HIGH(-@0)
                 	SBCI R22,BYTE3(-@0)
                 	SBCI R23,BYTE4(-@0)
                 	.ENDM
                 
                 	.MACRO __ADDD2N
                 	SUBI R26,LOW(-@0)
                 	SBCI R27,HIGH(-@0)
                 	SBCI R24,BYTE3(-@0)
                 	SBCI R25,BYTE4(-@0)
                 	.ENDM
                 
                 	.MACRO __SUBD1N
                 	SUBI R30,LOW(@0)
                 	SBCI R31,HIGH(@0)
                 	SBCI R22,BYTE3(@0)
                 	SBCI R23,BYTE4(@0)
                 	.ENDM
                 
                 	.MACRO __SUBD2N
                 	SUBI R26,LOW(@0)
                 	SBCI R27,HIGH(@0)
                 	SBCI R24,BYTE3(@0)
                 	SBCI R25,BYTE4(@0)
                 	.ENDM
                 
                 	.MACRO __ANDBMNN
                 	LDS  R30,@0+(@1)
                 	ANDI R30,LOW(@2)
                 	STS  @0+(@1),R30
                 	.ENDM
                 
                 	.MACRO __ANDWMNN
                 	LDS  R30,@0+(@1)
                 	ANDI R30,LOW(@2)
                 	STS  @0+(@1),R30
                 	LDS  R30,@0+(@1)+1
                 	ANDI R30,HIGH(@2)
                 	STS  @0+(@1)+1,R30
                 	.ENDM
                 
                 	.MACRO __ANDD1N
                 	ANDI R30,LOW(@0)
                 	ANDI R31,HIGH(@0)
                 	ANDI R22,BYTE3(@0)
                 	ANDI R23,BYTE4(@0)
                 	.ENDM
                 
                 	.MACRO __ANDD2N
                 	ANDI R26,LOW(@0)
                 	ANDI R27,HIGH(@0)
                 	ANDI R24,BYTE3(@0)
                 	ANDI R25,BYTE4(@0)
                 	.ENDM
                 
                 	.MACRO __ORBMNN
                 	LDS  R30,@0+(@1)
                 	ORI  R30,LOW(@2)
                 	STS  @0+(@1),R30
                 	.ENDM
                 
                 	.MACRO __ORWMNN
                 	LDS  R30,@0+(@1)
                 	ORI  R30,LOW(@2)
                 	STS  @0+(@1),R30
                 	LDS  R30,@0+(@1)+1
                 	ORI  R30,HIGH(@2)
                 	STS  @0+(@1)+1,R30
                 	.ENDM
                 
                 	.MACRO __ORD1N
                 	ORI  R30,LOW(@0)
                 	ORI  R31,HIGH(@0)
                 	ORI  R22,BYTE3(@0)
                 	ORI  R23,BYTE4(@0)
                 	.ENDM
                 
                 	.MACRO __ORD2N
                 	ORI  R26,LOW(@0)
                 	ORI  R27,HIGH(@0)
                 	ORI  R24,BYTE3(@0)
                 	ORI  R25,BYTE4(@0)
                 	.ENDM
                 
                 	.MACRO __DELAY_USB
                 	LDI  R24,LOW(@0)
                 __DELAY_USB_LOOP:
                 	DEC  R24
                 	BRNE __DELAY_USB_LOOP
                 	.ENDM
                 
                 	.MACRO __DELAY_USW
                 	LDI  R24,LOW(@0)
                 	LDI  R25,HIGH(@0)
                 __DELAY_USW_LOOP:
                 	SBIW R24,1
                 	BRNE __DELAY_USW_LOOP
                 	.ENDM
                 
                 	.MACRO __GETD1S
                 	LDD  R30,Y+@0
                 	LDD  R31,Y+@0+1
                 	LDD  R22,Y+@0+2
                 	LDD  R23,Y+@0+3
                 	.ENDM
                 
                 	.MACRO __GETD2S
                 	LDD  R26,Y+@0
                 	LDD  R27,Y+@0+1
                 	LDD  R24,Y+@0+2
                 	LDD  R25,Y+@0+3
                 	.ENDM
                 
                 	.MACRO __PUTD1S
                 	STD  Y+@0,R30
                 	STD  Y+@0+1,R31
                 	STD  Y+@0+2,R22
                 	STD  Y+@0+3,R23
                 	.ENDM
                 
                 	.MACRO __PUTD2S
                 	STD  Y+@0,R26
                 	STD  Y+@0+1,R27
                 	STD  Y+@0+2,R24
                 	STD  Y+@0+3,R25
                 	.ENDM
                 
                 	.MACRO __PUTDZ2
                 	STD  Z+@0,R26
                 	STD  Z+@0+1,R27
                 	STD  Z+@0+2,R24
                 	STD  Z+@0+3,R25
                 	.ENDM
                 
                 	.MACRO __CLRD1S
                 	STD  Y+@0,R30
                 	STD  Y+@0+1,R30
                 	STD  Y+@0+2,R30
                 	STD  Y+@0+3,R30
                 	.ENDM
                 
                 	.MACRO __POINTB1MN
                 	LDI  R30,LOW(@0+(@1))
                 	.ENDM
                 
                 	.MACRO __POINTW1MN
                 	LDI  R30,LOW(@0+(@1))
                 	LDI  R31,HIGH(@0+(@1))
                 	.ENDM
                 
                 	.MACRO __POINTD1M
                 	LDI  R30,LOW(@0)
                 	LDI  R31,HIGH(@0)
                 	LDI  R22,BYTE3(@0)
                 	LDI  R23,BYTE4(@0)
                 	.ENDM
                 
                 	.MACRO __POINTW1FN
                 	LDI  R30,LOW(2*@0+(@1))
                 	LDI  R31,HIGH(2*@0+(@1))
                 	.ENDM
                 
                 	.MACRO __POINTD1FN
                 	LDI  R30,LOW(2*@0+(@1))
                 	LDI  R31,HIGH(2*@0+(@1))
                 	LDI  R22,BYTE3(2*@0+(@1))
                 	LDI  R23,BYTE4(2*@0+(@1))
                 	.ENDM
                 
                 	.MACRO __POINTB2MN
                 	LDI  R26,LOW(@0+(@1))
                 	.ENDM
                 
                 	.MACRO __POINTW2MN
                 	LDI  R26,LOW(@0+(@1))
                 	LDI  R27,HIGH(@0+(@1))
                 	.ENDM
                 
                 	.MACRO __POINTW2FN
                 	LDI  R26,LOW(2*@0+(@1))
                 	LDI  R27,HIGH(2*@0+(@1))
                 	.ENDM
                 
                 	.MACRO __POINTD2FN
                 	LDI  R26,LOW(2*@0+(@1))
                 	LDI  R27,HIGH(2*@0+(@1))
                 	LDI  R24,BYTE3(2*@0+(@1))
                 	LDI  R25,BYTE4(2*@0+(@1))
                 	.ENDM
                 
                 	.MACRO __POINTBRM
                 	LDI  R@0,LOW(@1)
                 	.ENDM
                 
                 	.MACRO __POINTWRM
                 	LDI  R@0,LOW(@2)
                 	LDI  R@1,HIGH(@2)
                 	.ENDM
                 
                 	.MACRO __POINTBRMN
                 	LDI  R@0,LOW(@1+(@2))
                 	.ENDM
                 
                 	.MACRO __POINTWRMN
                 	LDI  R@0,LOW(@2+(@3))
                 	LDI  R@1,HIGH(@2+(@3))
                 	.ENDM
                 
                 	.MACRO __POINTWRFN
                 	LDI  R@0,LOW(@2*2+(@3))
                 	LDI  R@1,HIGH(@2*2+(@3))
                 	.ENDM
                 
                 	.MACRO __GETD1N
                 	LDI  R30,LOW(@0)
                 	LDI  R31,HIGH(@0)
                 	LDI  R22,BYTE3(@0)
                 	LDI  R23,BYTE4(@0)
                 	.ENDM
                 
                 	.MACRO __GETD2N
                 	LDI  R26,LOW(@0)
                 	LDI  R27,HIGH(@0)
                 	LDI  R24,BYTE3(@0)
                 	LDI  R25,BYTE4(@0)
                 	.ENDM
                 
                 	.MACRO __GETB1MN
                 	LDS  R30,@0+(@1)
                 	.ENDM
                 
                 	.MACRO __GETB1HMN
                 	LDS  R31,@0+(@1)
                 	.ENDM
                 
                 	.MACRO __GETW1MN
                 	LDS  R30,@0+(@1)
                 	LDS  R31,@0+(@1)+1
                 	.ENDM
                 
                 	.MACRO __GETD1MN
                 	LDS  R30,@0+(@1)
                 	LDS  R31,@0+(@1)+1
                 	LDS  R22,@0+(@1)+2
                 	LDS  R23,@0+(@1)+3
                 	.ENDM
                 
                 	.MACRO __GETBRMN
                 	LDS  R@0,@1+(@2)
                 	.ENDM
                 
                 	.MACRO __GETWRMN
                 	LDS  R@0,@2+(@3)
                 	LDS  R@1,@2+(@3)+1
                 	.ENDM
                 
                 	.MACRO __GETWRZ
                 	LDD  R@0,Z+@2
                 	LDD  R@1,Z+@2+1
                 	.ENDM
                 
                 	.MACRO __GETD2Z
                 	LDD  R26,Z+@0
                 	LDD  R27,Z+@0+1
                 	LDD  R24,Z+@0+2
                 	LDD  R25,Z+@0+3
                 	.ENDM
                 
                 	.MACRO __GETB2MN
                 	LDS  R26,@0+(@1)
                 	.ENDM
                 
                 	.MACRO __GETW2MN
                 	LDS  R26,@0+(@1)
                 	LDS  R27,@0+(@1)+1
                 	.ENDM
                 
                 	.MACRO __GETD2MN
                 	LDS  R26,@0+(@1)
                 	LDS  R27,@0+(@1)+1
                 	LDS  R24,@0+(@1)+2
                 	LDS  R25,@0+(@1)+3
                 	.ENDM
                 
                 	.MACRO __PUTB1MN
                 	STS  @0+(@1),R30
                 	.ENDM
                 
                 	.MACRO __PUTW1MN
                 	STS  @0+(@1),R30
                 	STS  @0+(@1)+1,R31
                 	.ENDM
                 
                 	.MACRO __PUTD1MN
                 	STS  @0+(@1),R30
                 	STS  @0+(@1)+1,R31
                 	STS  @0+(@1)+2,R22
                 	STS  @0+(@1)+3,R23
                 	.ENDM
                 
                 	.MACRO __PUTB1EN
                 	LDI  R26,LOW(@0+(@1))
                 	LDI  R27,HIGH(@0+(@1))
                 	RCALL __EEPROMWRB
                 	.ENDM
                 
                 	.MACRO __PUTW1EN
                 	LDI  R26,LOW(@0+(@1))
                 	LDI  R27,HIGH(@0+(@1))
                 	RCALL __EEPROMWRW
                 	.ENDM
                 
                 	.MACRO __PUTD1EN
                 	LDI  R26,LOW(@0+(@1))
                 	LDI  R27,HIGH(@0+(@1))
                 	RCALL __EEPROMWRD
                 	.ENDM
                 
                 	.MACRO __PUTBR0MN
                 	STS  @0+(@1),R0
                 	.ENDM
                 
                 	.MACRO __PUTBMRN
                 	STS  @0+(@1),R@2
                 	.ENDM
                 
                 	.MACRO __PUTWMRN
                 	STS  @0+(@1),R@2
                 	STS  @0+(@1)+1,R@3
                 	.ENDM
                 
                 	.MACRO __PUTBZR
                 	STD  Z+@1,R@0
                 	.ENDM
                 
                 	.MACRO __PUTWZR
                 	STD  Z+@2,R@0
                 	STD  Z+@2+1,R@1
                 	.ENDM
                 
                 	.MACRO __GETW1R
                 	MOV  R30,R@0
                 	MOV  R31,R@1
                 	.ENDM
                 
                 	.MACRO __GETW2R
                 	MOV  R26,R@0
                 	MOV  R27,R@1
                 	.ENDM
                 
                 	.MACRO __GETWRN
                 	LDI  R@0,LOW(@2)
                 	LDI  R@1,HIGH(@2)
                 	.ENDM
                 
                 	.MACRO __PUTW1R
                 	MOV  R@0,R30
                 	MOV  R@1,R31
                 	.ENDM
                 
                 	.MACRO __PUTW2R
                 	MOV  R@0,R26
                 	MOV  R@1,R27
                 	.ENDM
                 
                 	.MACRO __ADDWRN
                 	SUBI R@0,LOW(-@2)
                 	SBCI R@1,HIGH(-@2)
                 	.ENDM
                 
                 	.MACRO __ADDWRR
                 	ADD  R@0,R@2
                 	ADC  R@1,R@3
                 	.ENDM
                 
                 	.MACRO __SUBWRN
                 	SUBI R@0,LOW(@2)
                 	SBCI R@1,HIGH(@2)
                 	.ENDM
                 
                 	.MACRO __SUBWRR
                 	SUB  R@0,R@2
                 	SBC  R@1,R@3
                 	.ENDM
                 
                 	.MACRO __ANDWRN
                 	ANDI R@0,LOW(@2)
                 	ANDI R@1,HIGH(@2)
                 	.ENDM
                 
                 	.MACRO __ANDWRR
                 	AND  R@0,R@2
                 	AND  R@1,R@3
                 	.ENDM
                 
                 	.MACRO __ORWRN
                 	ORI  R@0,LOW(@2)
                 	ORI  R@1,HIGH(@2)
                 	.ENDM
                 
                 	.MACRO __ORWRR
                 	OR   R@0,R@2
                 	OR   R@1,R@3
                 	.ENDM
                 
                 	.MACRO __EORWRR
                 	EOR  R@0,R@2
                 	EOR  R@1,R@3
                 	.ENDM
                 
                 	.MACRO __GETWRS
                 	LDD  R@0,Y+@2
                 	LDD  R@1,Y+@2+1
                 	.ENDM
                 
                 	.MACRO __PUTBSR
                 	STD  Y+@1,R@0
                 	.ENDM
                 
                 	.MACRO __PUTWSR
                 	STD  Y+@2,R@0
                 	STD  Y+@2+1,R@1
                 	.ENDM
                 
                 	.MACRO __MOVEWRR
                 	MOV  R@0,R@2
                 	MOV  R@1,R@3
                 	.ENDM
                 
                 	.MACRO __INWR
                 	IN   R@0,@2
                 	IN   R@1,@2+1
                 	.ENDM
                 
                 	.MACRO __OUTWR
                 	OUT  @2+1,R@1
                 	OUT  @2,R@0
                 	.ENDM
                 
                 	.MACRO __CALL1MN
                 	LDS  R30,@0+(@1)
                 	LDS  R31,@0+(@1)+1
                 	ICALL
                 	.ENDM
                 
                 	.MACRO __CALL1FN
                 	LDI  R30,LOW(2*@0+(@1))
                 	LDI  R31,HIGH(2*@0+(@1))
                 	RCALL __GETW1PF
                 	ICALL
                 	.ENDM
                 
                 	.MACRO __CALL2EN
                 	PUSH R26
                 	PUSH R27
                 	LDI  R26,LOW(@0+(@1))
                 	LDI  R27,HIGH(@0+(@1))
                 	RCALL __EEPROMRDW
                 	POP  R27
                 	POP  R26
                 	ICALL
                 	.ENDM
                 
                 	.MACRO __CALL2EX
                 	SUBI R26,LOW(-@0)
                 	SBCI R27,HIGH(-@0)
                 	RCALL __EEPROMRDD
                 	ICALL
                 	.ENDM
                 
                 	.MACRO __GETW1STACK
                 	IN   R30,SPL
                 	IN   R31,SPH
                 	ADIW R30,@0+1
                 	LD   R0,Z+
                 	LD   R31,Z
                 	MOV  R30,R0
                 	.ENDM
                 
                 	.MACRO __GETD1STACK
                 	IN   R30,SPL
                 	IN   R31,SPH
                 	ADIW R30,@0+1
                 	LD   R0,Z+
                 	LD   R1,Z+
                 	LD   R22,Z
                 	MOVW R30,R0
                 	.ENDM
                 
                 	.MACRO __NBST
                 	BST  R@0,@1
                 	IN   R30,SREG
                 	LDI  R31,0x40
                 	EOR  R30,R31
                 	OUT  SREG,R30
                 	.ENDM
                 
                 
                 	.MACRO __PUTB1SN
                 	LDD  R26,Y+@0
                 	LDD  R27,Y+@0+1
                 	SUBI R26,LOW(-@1)
                 	SBCI R27,HIGH(-@1)
                 	ST   X,R30
                 	.ENDM
                 
                 	.MACRO __PUTW1SN
                 	LDD  R26,Y+@0
                 	LDD  R27,Y+@0+1
                 	SUBI R26,LOW(-@1)
                 	SBCI R27,HIGH(-@1)
                 	ST   X+,R30
                 	ST   X,R31
                 	.ENDM
                 
                 	.MACRO __PUTD1SN
                 	LDD  R26,Y+@0
                 	LDD  R27,Y+@0+1
                 	SUBI R26,LOW(-@1)
                 	SBCI R27,HIGH(-@1)
                 	RCALL __PUTDP1
                 	.ENDM
                 
                 	.MACRO __PUTB1SNS
                 	LDD  R26,Y+@0
                 	LDD  R27,Y+@0+1
                 	ADIW R26,@1
                 	ST   X,R30
                 	.ENDM
                 
                 	.MACRO __PUTW1SNS
                 	LDD  R26,Y+@0
                 	LDD  R27,Y+@0+1
                 	ADIW R26,@1
                 	ST   X+,R30
                 	ST   X,R31
                 	.ENDM
                 
                 	.MACRO __PUTD1SNS
                 	LDD  R26,Y+@0
                 	LDD  R27,Y+@0+1
                 	ADIW R26,@1
                 	RCALL __PUTDP1
                 	.ENDM
                 
                 	.MACRO __PUTB1PMN
                 	LDS  R26,@0
                 	LDS  R27,@0+1
                 	SUBI R26,LOW(-@1)
                 	SBCI R27,HIGH(-@1)
                 	ST   X,R30
                 	.ENDM
                 
                 	.MACRO __PUTW1PMN
                 	LDS  R26,@0
                 	LDS  R27,@0+1
                 	SUBI R26,LOW(-@1)
                 	SBCI R27,HIGH(-@1)
                 	ST   X+,R30
                 	ST   X,R31
                 	.ENDM
                 
                 	.MACRO __PUTD1PMN
                 	LDS  R26,@0
                 	LDS  R27,@0+1
                 	SUBI R26,LOW(-@1)
                 	SBCI R27,HIGH(-@1)
                 	RCALL __PUTDP1
                 	.ENDM
                 
                 	.MACRO __PUTB1PMNS
                 	LDS  R26,@0
                 	LDS  R27,@0+1
                 	ADIW R26,@1
                 	ST   X,R30
                 	.ENDM
                 
                 	.MACRO __PUTW1PMNS
                 	LDS  R26,@0
                 	LDS  R27,@0+1
                 	ADIW R26,@1
                 	ST   X+,R30
                 	ST   X,R31
                 	.ENDM
                 
                 	.MACRO __PUTD1PMNS
                 	LDS  R26,@0
                 	LDS  R27,@0+1
                 	ADIW R26,@1
                 	RCALL __PUTDP1
                 	.ENDM
                 
                 	.MACRO __PUTB1RN
                 	MOVW R26,R@0
                 	SUBI R26,LOW(-@1)
                 	SBCI R27,HIGH(-@1)
                 	ST   X,R30
                 	.ENDM
                 
                 	.MACRO __PUTW1RN
                 	MOVW R26,R@0
                 	SUBI R26,LOW(-@1)
                 	SBCI R27,HIGH(-@1)
                 	ST   X+,R30
                 	ST   X,R31
                 	.ENDM
                 
                 	.MACRO __PUTD1RN
                 	MOVW R26,R@0
                 	SUBI R26,LOW(-@1)
                 	SBCI R27,HIGH(-@1)
                 	RCALL __PUTDP1
                 	.ENDM
                 
                 	.MACRO __PUTB1RNS
                 	MOVW R26,R@0
                 	ADIW R26,@1
                 	ST   X,R30
                 	.ENDM
                 
                 	.MACRO __PUTW1RNS
                 	MOVW R26,R@0
                 	ADIW R26,@1
                 	ST   X+,R30
                 	ST   X,R31
                 	.ENDM
                 
                 	.MACRO __PUTD1RNS
                 	MOVW R26,R@0
                 	ADIW R26,@1
                 	RCALL __PUTDP1
                 	.ENDM
                 
                 	.MACRO __PUTB1RON
                 	MOV  R26,R@0
                 	MOV  R27,R@1
                 	SUBI R26,LOW(-@2)
                 	SBCI R27,HIGH(-@2)
                 	ST   X,R30
                 	.ENDM
                 
                 	.MACRO __PUTW1RON
                 	MOV  R26,R@0
                 	MOV  R27,R@1
                 	SUBI R26,LOW(-@2)
                 	SBCI R27,HIGH(-@2)
                 	ST   X+,R30
                 	ST   X,R31
                 	.ENDM
                 
                 	.MACRO __PUTD1RON
                 	MOV  R26,R@0
                 	MOV  R27,R@1
                 	SUBI R26,LOW(-@2)
                 	SBCI R27,HIGH(-@2)
                 	RCALL __PUTDP1
                 	.ENDM
                 
                 	.MACRO __PUTB1RONS
                 	MOV  R26,R@0
                 	MOV  R27,R@1
                 	ADIW R26,@2
                 	ST   X,R30
                 	.ENDM
                 
                 	.MACRO __PUTW1RONS
                 	MOV  R26,R@0
                 	MOV  R27,R@1
                 	ADIW R26,@2
                 	ST   X+,R30
                 	ST   X,R31
                 	.ENDM
                 
                 	.MACRO __PUTD1RONS
                 	MOV  R26,R@0
                 	MOV  R27,R@1
                 	ADIW R26,@2
                 	RCALL __PUTDP1
                 	.ENDM
                 
                 
                 	.MACRO __GETB1SX
                 	MOVW R30,R28
                 	SUBI R30,LOW(-@0)
                 	SBCI R31,HIGH(-@0)
                 	LD   R30,Z
                 	.ENDM
                 
                 	.MACRO __GETB1HSX
                 	MOVW R30,R28
                 	SUBI R30,LOW(-@0)
                 	SBCI R31,HIGH(-@0)
                 	LD   R31,Z
                 	.ENDM
                 
                 	.MACRO __GETW1SX
                 	MOVW R30,R28
                 	SUBI R30,LOW(-@0)
                 	SBCI R31,HIGH(-@0)
                 	LD   R0,Z+
                 	LD   R31,Z
                 	MOV  R30,R0
                 	.ENDM
                 
                 	.MACRO __GETD1SX
                 	MOVW R30,R28
                 	SUBI R30,LOW(-@0)
                 	SBCI R31,HIGH(-@0)
                 	LD   R0,Z+
                 	LD   R1,Z+
                 	LD   R22,Z+
                 	LD   R23,Z
                 	MOVW R30,R0
                 	.ENDM
                 
                 	.MACRO __GETB2SX
                 	MOVW R26,R28
                 	SUBI R26,LOW(-@0)
                 	SBCI R27,HIGH(-@0)
                 	LD   R26,X
                 	.ENDM
                 
                 	.MACRO __GETW2SX
                 	MOVW R26,R28
                 	SUBI R26,LOW(-@0)
                 	SBCI R27,HIGH(-@0)
                 	LD   R0,X+
                 	LD   R27,X
                 	MOV  R26,R0
                 	.ENDM
                 
                 	.MACRO __GETD2SX
                 	MOVW R26,R28
                 	SUBI R26,LOW(-@0)
                 	SBCI R27,HIGH(-@0)
                 	LD   R0,X+
                 	LD   R1,X+
                 	LD   R24,X+
                 	LD   R25,X
                 	MOVW R26,R0
                 	.ENDM
                 
                 	.MACRO __GETBRSX
                 	MOVW R30,R28
                 	SUBI R30,LOW(-@1)
                 	SBCI R31,HIGH(-@1)
                 	LD   R@0,Z
                 	.ENDM
                 
                 	.MACRO __GETWRSX
                 	MOVW R30,R28
                 	SUBI R30,LOW(-@2)
                 	SBCI R31,HIGH(-@2)
                 	LD   R@0,Z+
                 	LD   R@1,Z
                 	.ENDM
                 
                 	.MACRO __GETBRSX2
                 	MOVW R26,R28
                 	SUBI R26,LOW(-@1)
                 	SBCI R27,HIGH(-@1)
                 	LD   R@0,X
                 	.ENDM
                 
                 	.MACRO __GETWRSX2
                 	MOVW R26,R28
                 	SUBI R26,LOW(-@2)
                 	SBCI R27,HIGH(-@2)
                 	LD   R@0,X+
                 	LD   R@1,X
                 	.ENDM
                 
                 	.MACRO __LSLW8SX
                 	MOVW R30,R28
                 	SUBI R30,LOW(-@0)
                 	SBCI R31,HIGH(-@0)
                 	LD   R31,Z
                 	CLR  R30
                 	.ENDM
                 
                 	.MACRO __PUTB1SX
                 	MOVW R26,R28
                 	SUBI R26,LOW(-@0)
                 	SBCI R27,HIGH(-@0)
                 	ST   X,R30
                 	.ENDM
                 
                 	.MACRO __PUTW1SX
                 	MOVW R26,R28
                 	SUBI R26,LOW(-@0)
                 	SBCI R27,HIGH(-@0)
                 	ST   X+,R30
                 	ST   X,R31
                 	.ENDM
                 
                 	.MACRO __PUTD1SX
                 	MOVW R26,R28
                 	SUBI R26,LOW(-@0)
                 	SBCI R27,HIGH(-@0)
                 	ST   X+,R30
                 	ST   X+,R31
                 	ST   X+,R22
                 	ST   X,R23
                 	.ENDM
                 
                 	.MACRO __CLRW1SX
                 	MOVW R26,R28
                 	SUBI R26,LOW(-@0)
                 	SBCI R27,HIGH(-@0)
                 	ST   X+,R30
                 	ST   X,R30
                 	.ENDM
                 
                 	.MACRO __CLRD1SX
                 	MOVW R26,R28
                 	SUBI R26,LOW(-@0)
                 	SBCI R27,HIGH(-@0)
                 	ST   X+,R30
                 	ST   X+,R30
                 	ST   X+,R30
                 	ST   X,R30
                 	.ENDM
                 
                 	.MACRO __PUTB2SX
                 	MOVW R30,R28
                 	SUBI R30,LOW(-@0)
                 	SBCI R31,HIGH(-@0)
                 	ST   Z,R26
                 	.ENDM
                 
                 	.MACRO __PUTW2SX
                 	MOVW R30,R28
                 	SUBI R30,LOW(-@0)
                 	SBCI R31,HIGH(-@0)
                 	ST   Z+,R26
                 	ST   Z,R27
                 	.ENDM
                 
                 	.MACRO __PUTD2SX
                 	MOVW R30,R28
                 	SUBI R30,LOW(-@0)
                 	SBCI R31,HIGH(-@0)
                 	ST   Z+,R26
                 	ST   Z+,R27
                 	ST   Z+,R24
                 	ST   Z,R25
                 	.ENDM
                 
                 	.MACRO __PUTBSRX
                 	MOVW R30,R28
                 	SUBI R30,LOW(-@1)
                 	SBCI R31,HIGH(-@1)
                 	ST   Z,R@0
                 	.ENDM
                 
                 	.MACRO __PUTWSRX
                 	MOVW R30,R28
                 	SUBI R30,LOW(-@2)
                 	SBCI R31,HIGH(-@2)
                 	ST   Z+,R@0
                 	ST   Z,R@1
                 	.ENDM
                 
                 	.MACRO __PUTB1SNX
                 	MOVW R26,R28
                 	SUBI R26,LOW(-@0)
                 	SBCI R27,HIGH(-@0)
                 	LD   R0,X+
                 	LD   R27,X
                 	MOV  R26,R0
                 	SUBI R26,LOW(-@1)
                 	SBCI R27,HIGH(-@1)
                 	ST   X,R30
                 	.ENDM
                 
                 	.MACRO __PUTW1SNX
                 	MOVW R26,R28
                 	SUBI R26,LOW(-@0)
                 	SBCI R27,HIGH(-@0)
                 	LD   R0,X+
                 	LD   R27,X
                 	MOV  R26,R0
                 	SUBI R26,LOW(-@1)
                 	SBCI R27,HIGH(-@1)
                 	ST   X+,R30
                 	ST   X,R31
                 	.ENDM
                 
                 	.MACRO __PUTD1SNX
                 	MOVW R26,R28
                 	SUBI R26,LOW(-@0)
                 	SBCI R27,HIGH(-@0)
                 	LD   R0,X+
                 	LD   R27,X
                 	MOV  R26,R0
                 	SUBI R26,LOW(-@1)
                 	SBCI R27,HIGH(-@1)
                 	ST   X+,R30
                 	ST   X+,R31
                 	ST   X+,R22
                 	ST   X,R23
                 	.ENDM
                 
                 	.MACRO __MULBRR
                 	MULS R@0,R@1
                 	MOVW R30,R0
                 	.ENDM
                 
                 	.MACRO __MULBRRU
                 	MUL  R@0,R@1
                 	MOVW R30,R0
                 	.ENDM
                 
                 	.MACRO __MULBRR0
                 	MULS R@0,R@1
                 	.ENDM
                 
                 	.MACRO __MULBRRU0
                 	MUL  R@0,R@1
                 	.ENDM
                 
                 	.MACRO __MULBNWRU
                 	LDI  R26,@2
                 	MUL  R26,R@0
                 	MOVW R30,R0
                 	MUL  R26,R@1
                 	ADD  R31,R0
                 	.ENDM
                 
                 ;NAME DEFINITIONS FOR GLOBAL VARIABLES ALLOCATED TO REGISTERS
                 	.DEF _value=R4
                 	.DEF _value_msb=R5
                 	.DEF _duty=R7
                 	.DEF __lcd_x=R6
                 	.DEF __lcd_y=R9
                 	.DEF __lcd_maxx=R8
                 
                 	.CSEG
                 	.ORG 0x00
                 
                 ;START OF CODE MARKER
                 __START_OF_CODE:
                 
                 ;INTERRUPT VECTORS
000000 c037      	RJMP __RESET
000001 cffe      	RJMP 0x00
000002 cffd      	RJMP 0x00
000003 cffc      	RJMP 0x00
000004 cffb      	RJMP 0x00
000005 cffa      	RJMP 0x00
000006 cff9      	RJMP 0x00
000007 cff8      	RJMP 0x00
000008 cff7      	RJMP 0x00
000009 cff6      	RJMP 0x00
00000a cff5      	RJMP 0x00
00000b cff4      	RJMP 0x00
00000c cff3      	RJMP 0x00
00000d cff2      	RJMP 0x00
00000e cff1      	RJMP 0x00
00000f cff0      	RJMP 0x00
000010 cfef      	RJMP 0x00
000011 cfee      	RJMP 0x00
000012 cfed      	RJMP 0x00
000013 cfec      	RJMP 0x00
000014 cfeb      	RJMP 0x00
                 
                 _tbl10_G100:
000015 2710
000016 03e8
000017 0064
000018 000a      	.DB  0x10,0x27,0xE8,0x3,0x64,0x0,0xA,0x0
000019 0001      	.DB  0x1,0x0
                 _tbl16_G100:
00001a 1000
00001b 0100
00001c 0010
00001d 0001      	.DB  0x0,0x10,0x0,0x1,0x10,0x0,0x1,0x0
                 
                 _0x0:
00001e 694e
00001f 616c
000020 2069
000021 4441      	.DB  0x4E,0x69,0x6C,0x61,0x69,0x20,0x41,0x44
000022 0043
000023 0020      	.DB  0x43,0x0,0x20,0x0
                 _0x2020060:
C:\Users\herma\Downloads\1pdsm8535\PDSM-2022\ATMEGA8535\Subpercobaan 4 dan 5 ADC dan PWM\Debug\List\adcpwm.asm(1132): warning: .cseg .db misalignment - padding zero byte
000024 0001      	.DB  0x1
                 _0x2020000:
000025 4e2d
000026 4e41
000027 4900
000028 464e      	.DB  0x2D,0x4E,0x41,0x4E,0x0,0x49,0x4E,0x46
C:\Users\herma\Downloads\1pdsm8535\PDSM-2022\ATMEGA8535\Subpercobaan 4 dan 5 ADC dan PWM\Debug\List\adcpwm.asm(1135): warning: .cseg .db misalignment - padding zero byte
000029 0000      	.DB  0x0
                 _0x2040003:
00002a c080      	.DB  0x80,0xC0
                 
                 __GLOBAL_INI_TBL:
00002b 000a      	.DW  0x0A
00002c 00e0      	.DW  _0x6
00002d 003c      	.DW  _0x0*2
                 
00002e 0002      	.DW  0x02
00002f 00ea      	.DW  _0x6+10
000030 0046      	.DW  _0x0*2+10
                 
000031 0001      	.DW  0x01
000032 00f1      	.DW  __seed_G101
000033 0048      	.DW  _0x2020060*2
                 
000034 0002      	.DW  0x02
000035 00f5      	.DW  __base_y_G102
000036 0054      	.DW  _0x2040003*2
                 
                 _0xFFFFFFFF:
000037 0000      	.DW  0
                 
                 #define __GLOBAL_INI_TBL_PRESENT 1
                 
                 __RESET:
000038 94f8      	CLI
000039 27ee      	CLR  R30
00003a bbec      	OUT  EECR,R30
                 
                 ;INTERRUPT VECTORS ARE PLACED
                 ;AT THE START OF FLASH
00003b e0f1      	LDI  R31,1
00003c bffb      	OUT  GICR,R31
00003d bfeb      	OUT  GICR,R30
00003e bfe5      	OUT  MCUCR,R30
                 
                 ;CLEAR R2-R14
00003f e08d      	LDI  R24,(14-2)+1
000040 e0a2      	LDI  R26,2
000041 27bb      	CLR  R27
                 __CLEAR_REG:
000042 93ed      	ST   X+,R30
000043 958a      	DEC  R24
000044 f7e9      	BRNE __CLEAR_REG
                 
                 ;CLEAR SRAM
000045 e080      	LDI  R24,LOW(__CLEAR_SRAM_SIZE)
000046 e092      	LDI  R25,HIGH(__CLEAR_SRAM_SIZE)
000047 e6a0      	LDI  R26,__SRAM_START
                 __CLEAR_SRAM:
000048 93ed      	ST   X+,R30
000049 9701      	SBIW R24,1
00004a f7e9      	BRNE __CLEAR_SRAM
                 
                 ;GLOBAL VARIABLES INITIALIZATION
00004b e5e6      	LDI  R30,LOW(__GLOBAL_INI_TBL*2)
00004c e0f0      	LDI  R31,HIGH(__GLOBAL_INI_TBL*2)
                 __GLOBAL_INI_NEXT:
00004d 9185      	LPM  R24,Z+
00004e 9195      	LPM  R25,Z+
00004f 9700      	SBIW R24,0
000050 f061      	BREQ __GLOBAL_INI_END
000051 91a5      	LPM  R26,Z+
000052 91b5      	LPM  R27,Z+
000053 9005      	LPM  R0,Z+
000054 9015      	LPM  R1,Z+
000055 01bf      	MOVW R22,R30
000056 01f0      	MOVW R30,R0
                 __GLOBAL_INI_LOOP:
000057 9005      	LPM  R0,Z+
000058 920d      	ST   X+,R0
000059 9701      	SBIW R24,1
00005a f7e1      	BRNE __GLOBAL_INI_LOOP
00005b 01fb      	MOVW R30,R22
00005c cff0      	RJMP __GLOBAL_INI_NEXT
                 __GLOBAL_INI_END:
                 
                 ;HARDWARE STACK POINTER INITIALIZATION
00005d e5ef      	LDI  R30,LOW(__SRAM_END-__HEAP_SIZE)
00005e bfed      	OUT  SPL,R30
00005f e0e2      	LDI  R30,HIGH(__SRAM_END-__HEAP_SIZE)
000060 bfee      	OUT  SPH,R30
                 
                 ;DATA STACK POINTER INITIALIZATION
000061 eec0      	LDI  R28,LOW(__SRAM_START+__DSTACK_SIZE)
000062 e0d0      	LDI  R29,HIGH(__SRAM_START+__DSTACK_SIZE)
                 
000063 c00e      	RJMP _main
                 
                 	.ESEG
                 	.ORG 0
                 
                 	.DSEG
                 	.ORG 0xE0
                 
                 	.CSEG
                 ;/*******************************************************
                 ;This program was created by the
                 ;CodeWizardAVR V3.12 Advanced
                 ;Automatic Program Generator
                 ;© Copyright 1998-2014 Pavel Haiduc, HP InfoTech s.r.l.
                 ;http://www.hpinfotech.com
                 ;
                 ;Project : adc_pwm
                 ;Version : 0
                 ;Date    : 31/10/2022
                 ;Author  : asprak dsm
                 ;Company : lab elka
                 ;Comments:
                 ;
                 ;
                 ;Chip type               : ATmega8535
                 ;Program type            : Application
                 ;AVR Core Clock frequency: 16,000000 MHz
                 ;Memory model            : Small
                 ;External RAM size       : 0
                 ;Data Stack size         : 128
                 ;*******************************************************/
                 ;
                 ;#include <mega8535.h>
                 	#ifndef __SLEEP_DEFINED__
                 	#define __SLEEP_DEFINED__
                 	.EQU __se_bit=0x40
                 	.EQU __sm_mask=0xB0
                 	.EQU __sm_powerdown=0x20
                 	.EQU __sm_powersave=0x30
                 	.EQU __sm_standby=0xA0
                 	.EQU __sm_ext_standby=0xB0
                 	.EQU __sm_adc_noise_red=0x10
                 	.SET power_ctrl_reg=mcucr
                 	#endif
                 ;#include <stdio.h>
                 ;#include <stdlib.h>
                 ;#include <delay.h>
                 ;
                 ;// Alphanumeric LCD functions
                 ;#include <alcd.h>
                 ;
                 ;// Declare your global variables here
                 ;char String[5];
                 ;int value;
                 ;unsigned char duty;
                 ;
                 ;// Voltage Reference: AVCC pin
                 ;#define ADC_VREF_TYPE ((0<<REFS1) | (1<<REFS0) | (0<<ADLAR))
                 ;
                 ;// Read the AD conversion result
                 ;unsigned int read_adc(unsigned char adc_input)
                 ; 0000 002A {
                 
                 	.CSEG
                 _read_adc:
                 ; .FSTART _read_adc
                 ; 0000 002B ADMUX=adc_input | ADC_VREF_TYPE;
000064 93aa      	ST   -Y,R26
                 ;	adc_input -> Y+0
000065 81e8      	LD   R30,Y
000066 64e0      	ORI  R30,0x40
000067 b9e7      	OUT  0x7,R30
                 ; 0000 002C // Delay needed for the stabilization of the ADC input voltage
                 ; 0000 002D delay_us(10);
                +
000068 e385     +LDI R24 , LOW ( 53 )
                +__DELAY_USB_LOOP :
000069 958a     +DEC R24
00006a f7f1     +BRNE __DELAY_USB_LOOP
                 	__DELAY_USB 53
                 ; 0000 002E // Start the AD conversion
                 ; 0000 002F ADCSRA|=(1<<ADSC);
00006b 9a36      	SBI  0x6,6
                 ; 0000 0030 // Wait for the AD conversion to complete
                 ; 0000 0031 while ((ADCSRA & (1<<ADIF))==0);
                 _0x3:
00006c 9b34      	SBIS 0x6,4
00006d cffe      	RJMP _0x3
                 ; 0000 0032 ADCSRA|=(1<<ADIF);
00006e 9a34      	SBI  0x6,4
                 ; 0000 0033 return ADCW;
00006f b1e4      	IN   R30,0x4
000070 b1f5      	IN   R31,0x4+1
000071 c0fa      	RJMP _0x20C0001
                 ; 0000 0034 }
                 ; .FEND
                 ;
                 ;void main(void)
                 ; 0000 0037 {
                 _main:
                 ; .FSTART _main
                 ; 0000 0038 // Declare your local variables here
                 ; 0000 0039 
                 ; 0000 003A // Input/Output Ports initialization
                 ; 0000 003B // Port A initialization
                 ; 0000 003C // Function: Bit7=In Bit6=In Bit5=In Bit4=In Bit3=In Bit2=In Bit1=In Bit0=In
                 ; 0000 003D DDRA=(0<<DDA7) | (0<<DDA6) | (0<<DDA5) | (0<<DDA4) | (0<<DDA3) | (0<<DDA2) | (0<<DDA1) | (0<<DDA0);
000072 e0e0      	LDI  R30,LOW(0)
000073 bbea      	OUT  0x1A,R30
                 ; 0000 003E // State: Bit7=T Bit6=T Bit5=T Bit4=T Bit3=T Bit2=T Bit1=T Bit0=T
                 ; 0000 003F PORTA=(0<<PORTA7) | (0<<PORTA6) | (0<<PORTA5) | (0<<PORTA4) | (0<<PORTA3) | (0<<PORTA2) | (0<<PORTA1) | (0<<PORTA0);
000074 bbeb      	OUT  0x1B,R30
                 ; 0000 0040 
                 ; 0000 0041 // Port B initialization
                 ; 0000 0042 // Function: Bit7=In Bit6=In Bit5=In Bit4=In Bit3=Out Bit2=In Bit1=In Bit0=In
                 ; 0000 0043 DDRB=(0<<DDB7) | (0<<DDB6) | (0<<DDB5) | (0<<DDB4) | (1<<DDB3) | (0<<DDB2) | (0<<DDB1) | (0<<DDB0);
000075 e0e8      	LDI  R30,LOW(8)
000076 bbe7      	OUT  0x17,R30
                 ; 0000 0044 // State: Bit7=T Bit6=T Bit5=T Bit4=T Bit3=0 Bit2=T Bit1=T Bit0=T
                 ; 0000 0045 PORTB=(0<<PORTB7) | (0<<PORTB6) | (0<<PORTB5) | (0<<PORTB4) | (0<<PORTB3) | (0<<PORTB2) | (0<<PORTB1) | (0<<PORTB0);
000077 e0e0      	LDI  R30,LOW(0)
000078 bbe8      	OUT  0x18,R30
                 ; 0000 0046 
                 ; 0000 0047 // Port C initialization
                 ; 0000 0048 // Function: Bit7=In Bit6=In Bit5=In Bit4=In Bit3=In Bit2=In Bit1=In Bit0=In
                 ; 0000 0049 DDRC=(0<<DDC7) | (0<<DDC6) | (0<<DDC5) | (0<<DDC4) | (0<<DDC3) | (0<<DDC2) | (0<<DDC1) | (0<<DDC0);
000079 bbe4      	OUT  0x14,R30
                 ; 0000 004A // State: Bit7=T Bit6=T Bit5=T Bit4=T Bit3=T Bit2=T Bit1=T Bit0=T
                 ; 0000 004B PORTC=(0<<PORTC7) | (0<<PORTC6) | (0<<PORTC5) | (0<<PORTC4) | (0<<PORTC3) | (0<<PORTC2) | (0<<PORTC1) | (0<<PORTC0);
00007a bbe5      	OUT  0x15,R30
                 ; 0000 004C 
                 ; 0000 004D // Port D initialization
                 ; 0000 004E // Function: Bit7=In Bit6=In Bit5=In Bit4=In Bit3=In Bit2=In Bit1=In Bit0=In
                 ; 0000 004F DDRD=(0<<DDD7) | (0<<DDD6) | (0<<DDD5) | (0<<DDD4) | (0<<DDD3) | (0<<DDD2) | (0<<DDD1) | (0<<DDD0);
00007b bbe1      	OUT  0x11,R30
                 ; 0000 0050 // State: Bit7=T Bit6=T Bit5=T Bit4=T Bit3=T Bit2=T Bit1=T Bit0=T
                 ; 0000 0051 PORTD=(0<<PORTD7) | (0<<PORTD6) | (0<<PORTD5) | (0<<PORTD4) | (0<<PORTD3) | (0<<PORTD2) | (0<<PORTD1) | (0<<PORTD0);
00007c bbe2      	OUT  0x12,R30
                 ; 0000 0052 
                 ; 0000 0053 // Timer/Counter 0 initialization
                 ; 0000 0054 // Clock source: System Clock
                 ; 0000 0055 // Clock value: 62,500 kHz
                 ; 0000 0056 // Mode: Fast PWM top=0xFF
                 ; 0000 0057 // OC0 output: Inverted PWM
                 ; 0000 0058 // Timer Period: 4,096 ms
                 ; 0000 0059 // Output Pulse(s):
                 ; 0000 005A // OC0 Period: 4,096 ms Width: 4,096 ms
                 ; 0000 005B TCCR0=(1<<WGM00) | (1<<COM01) | (1<<COM00) | (1<<WGM01) | (1<<CS02) | (0<<CS01) | (0<<CS00);
00007d e7ec      	LDI  R30,LOW(124)
00007e bfe3      	OUT  0x33,R30
                 ; 0000 005C TCNT0=0x00;
00007f e0e0      	LDI  R30,LOW(0)
000080 bfe2      	OUT  0x32,R30
                 ; 0000 005D OCR0=0x00;
000081 bfec      	OUT  0x3C,R30
                 ; 0000 005E 
                 ; 0000 005F // Timer/Counter 1 initialization
                 ; 0000 0060 // Clock source: System Clock
                 ; 0000 0061 // Clock value: Timer1 Stopped
                 ; 0000 0062 // Mode: Normal top=0xFFFF
                 ; 0000 0063 // OC1A output: Disconnected
                 ; 0000 0064 // OC1B output: Disconnected
                 ; 0000 0065 // Noise Canceler: Off
                 ; 0000 0066 // Input Capture on Falling Edge
                 ; 0000 0067 // Timer1 Overflow Interrupt: Off
                 ; 0000 0068 // Input Capture Interrupt: Off
                 ; 0000 0069 // Compare A Match Interrupt: Off
                 ; 0000 006A // Compare B Match Interrupt: Off
                 ; 0000 006B TCCR1A=(0<<COM1A1) | (0<<COM1A0) | (0<<COM1B1) | (0<<COM1B0) | (0<<WGM11) | (0<<WGM10);
000082 bdef      	OUT  0x2F,R30
                 ; 0000 006C TCCR1B=(0<<ICNC1) | (0<<ICES1) | (0<<WGM13) | (0<<WGM12) | (0<<CS12) | (0<<CS11) | (0<<CS10);
000083 bdee      	OUT  0x2E,R30
                 ; 0000 006D TCNT1H=0x00;
000084 bded      	OUT  0x2D,R30
                 ; 0000 006E TCNT1L=0x00;
000085 bdec      	OUT  0x2C,R30
                 ; 0000 006F ICR1H=0x00;
000086 bde7      	OUT  0x27,R30
                 ; 0000 0070 ICR1L=0x00;
000087 bde6      	OUT  0x26,R30
                 ; 0000 0071 OCR1AH=0x00;
000088 bdeb      	OUT  0x2B,R30
                 ; 0000 0072 OCR1AL=0x00;
000089 bdea      	OUT  0x2A,R30
                 ; 0000 0073 OCR1BH=0x00;
00008a bde9      	OUT  0x29,R30
                 ; 0000 0074 OCR1BL=0x00;
00008b bde8      	OUT  0x28,R30
                 ; 0000 0075 
                 ; 0000 0076 // Timer/Counter 2 initialization
                 ; 0000 0077 // Clock source: System Clock
                 ; 0000 0078 // Clock value: Timer2 Stopped
                 ; 0000 0079 // Mode: Normal top=0xFF
                 ; 0000 007A // OC2 output: Disconnected
                 ; 0000 007B ASSR=0<<AS2;
00008c bde2      	OUT  0x22,R30
                 ; 0000 007C TCCR2=(0<<WGM20) | (0<<COM21) | (0<<COM20) | (0<<WGM21) | (0<<CS22) | (0<<CS21) | (0<<CS20);
00008d bde5      	OUT  0x25,R30
                 ; 0000 007D TCNT2=0x00;
00008e bde4      	OUT  0x24,R30
                 ; 0000 007E OCR2=0x00;
00008f bde3      	OUT  0x23,R30
                 ; 0000 007F 
                 ; 0000 0080 // Timer(s)/Counter(s) Interrupt(s) initialization
                 ; 0000 0081 TIMSK=(0<<OCIE2) | (0<<TOIE2) | (0<<TICIE1) | (0<<OCIE1A) | (0<<OCIE1B) | (0<<TOIE1) | (0<<OCIE0) | (0<<TOIE0);
000090 bfe9      	OUT  0x39,R30
                 ; 0000 0082 
                 ; 0000 0083 // External Interrupt(s) initialization
                 ; 0000 0084 // INT0: Off
                 ; 0000 0085 // INT1: Off
                 ; 0000 0086 // INT2: Off
                 ; 0000 0087 MCUCR=(0<<ISC11) | (0<<ISC10) | (0<<ISC01) | (0<<ISC00);
000091 bfe5      	OUT  0x35,R30
                 ; 0000 0088 MCUCSR=(0<<ISC2);
000092 bfe4      	OUT  0x34,R30
                 ; 0000 0089 
                 ; 0000 008A // USART initialization
                 ; 0000 008B // USART disabled
                 ; 0000 008C UCSRB=(0<<RXCIE) | (0<<TXCIE) | (0<<UDRIE) | (0<<RXEN) | (0<<TXEN) | (0<<UCSZ2) | (0<<RXB8) | (0<<TXB8);
000093 b9ea      	OUT  0xA,R30
                 ; 0000 008D 
                 ; 0000 008E // Analog Comparator initialization
                 ; 0000 008F // Analog Comparator: Off
                 ; 0000 0090 // The Analog Comparator's positive input is
                 ; 0000 0091 // connected to the AIN0 pin
                 ; 0000 0092 // The Analog Comparator's negative input is
                 ; 0000 0093 // connected to the AIN1 pin
                 ; 0000 0094 ACSR=(1<<ACD) | (0<<ACBG) | (0<<ACO) | (0<<ACI) | (0<<ACIE) | (0<<ACIC) | (0<<ACIS1) | (0<<ACIS0);
000094 e8e0      	LDI  R30,LOW(128)
000095 b9e8      	OUT  0x8,R30
                 ; 0000 0095 
                 ; 0000 0096 // ADC initialization
                 ; 0000 0097 // ADC Clock frequency: 1000,000 kHz
                 ; 0000 0098 // ADC Voltage Reference: AVCC pin
                 ; 0000 0099 // ADC High Speed Mode: Off
                 ; 0000 009A // ADC Auto Trigger Source: ADC Stopped
                 ; 0000 009B ADMUX=ADC_VREF_TYPE;
000096 e4e0      	LDI  R30,LOW(64)
000097 b9e7      	OUT  0x7,R30
                 ; 0000 009C ADCSRA=(1<<ADEN) | (0<<ADSC) | (0<<ADATE) | (0<<ADIF) | (0<<ADIE) | (1<<ADPS2) | (0<<ADPS1) | (0<<ADPS0);
000098 e8e4      	LDI  R30,LOW(132)
000099 b9e6      	OUT  0x6,R30
                 ; 0000 009D SFIOR=(1<<ADHSM) | (0<<ADTS2) | (0<<ADTS1) | (0<<ADTS0);
00009a e1e0      	LDI  R30,LOW(16)
00009b bfe0      	OUT  0x30,R30
                 ; 0000 009E 
                 ; 0000 009F // SPI initialization
                 ; 0000 00A0 // SPI disabled
                 ; 0000 00A1 SPCR=(0<<SPIE) | (0<<SPE) | (0<<DORD) | (0<<MSTR) | (0<<CPOL) | (0<<CPHA) | (0<<SPR1) | (0<<SPR0);
00009c e0e0      	LDI  R30,LOW(0)
00009d b9ed      	OUT  0xD,R30
                 ; 0000 00A2 
                 ; 0000 00A3 // TWI initialization
                 ; 0000 00A4 // TWI disabled
                 ; 0000 00A5 TWCR=(0<<TWEA) | (0<<TWSTA) | (0<<TWSTO) | (0<<TWEN) | (0<<TWIE);
00009e bfe6      	OUT  0x36,R30
                 ; 0000 00A6 
                 ; 0000 00A7 // Alphanumeric LCD initialization
                 ; 0000 00A8 // Connections are specified in the
                 ; 0000 00A9 // Project|Configure|C Compiler|Libraries|Alphanumeric LCD menu:
                 ; 0000 00AA // RS - PORTC Bit 0
                 ; 0000 00AB // RD - PORTC Bit 1
                 ; 0000 00AC // EN - PORTC Bit 2
                 ; 0000 00AD // D4 - PORTC Bit 4
                 ; 0000 00AE // D5 - PORTC Bit 5
                 ; 0000 00AF // D6 - PORTC Bit 6
                 ; 0000 00B0 // D7 - PORTC Bit 7
                 ; 0000 00B1 // Characters/line: 16
                 ; 0000 00B2 lcd_init(16);
00009f e1a0      	LDI  R26,LOW(16)
0000a0 d0a4      	RCALL _lcd_init
                 ; 0000 00B3 lcd_puts("Nilai ADC");
                +
0000a1 eea0     +LDI R26 , LOW ( _0x6 + ( 0 ) )
0000a2 e0b0     +LDI R27 , HIGH ( _0x6 + ( 0 ) )
                 	__POINTW2MN _0x6,0
0000a3 d090      	RCALL _lcd_puts
                 ; 0000 00B4 
                 ; 0000 00B5 while (1)
                 _0x7:
                 ; 0000 00B6       {
                 ; 0000 00B7       // Place your code here
                 ; 0000 00B8       lcd_gotoxy(0,1);
0000a4 e0e0      	LDI  R30,LOW(0)
0000a5 93ea      	ST   -Y,R30
0000a6 e0a1      	LDI  R26,LOW(1)
0000a7 d05d      	RCALL _lcd_gotoxy
                 ; 0000 00B9 
                 ; 0000 00BA       // Ubah angkanya
                 ; 0000 00BB       //(0) untuk Potensiometer. (1) untuk LDR Gelap. (2) untuk LDR Terang. (3) untuk LM35
                 ; 0000 00BC       value =read_adc(0);
0000a8 e0a0      	LDI  R26,LOW(0)
0000a9 dfba      	RCALL _read_adc
0000aa 012f      	MOVW R4,R30
                 ; 0000 00BD 
                 ; 0000 00BE       // LDR Terang. Jika diterangi, maka nilainya mendekati 1023. Jika digelapi, maka nilainya mendekati 0
                 ; 0000 00BF       // LDR Gelap. Jika diterangi, maka nilainya mendekati 0. Jika digelapi, maka nilainya mendekati 1023
                 ; 0000 00C0 
                 ; 0000 00C1       //value = read_adc(3)*150/308; //Untuk LM35 Suhu
                 ; 0000 00C2 
                 ; 0000 00C3       itoa(value,String);
0000ab 925a      	ST   -Y,R5
0000ac 924a      	ST   -Y,R4
0000ad eeac      	LDI  R26,LOW(_String)
0000ae e0b0      	LDI  R27,HIGH(_String)
0000af d00c      	RCALL _itoa
                 ; 0000 00C4       lcd_puts(String);
0000b0 eeac      	LDI  R26,LOW(_String)
0000b1 e0b0      	LDI  R27,HIGH(_String)
0000b2 d081      	RCALL _lcd_puts
                 ; 0000 00C5       lcd_puts(" ");
                +
0000b3 eeaa     +LDI R26 , LOW ( _0x6 + ( 10 ) )
0000b4 e0b0     +LDI R27 , HIGH ( _0x6 + ( 10 ) )
                 	__POINTW2MN _0x6,10
0000b5 d07e      	RCALL _lcd_puts
                 ; 0000 00C6 
                 ; 0000 00C7       //for(duty=0; duty<255; duty++)
                 ; 0000 00C8       //{
                 ; 0000 00C9         duty=value;
0000b6 2c74      	MOV  R7,R4
                 ; 0000 00CA         OCR0=duty;
0000b7 be7c      	OUT  0x3C,R7
                 ; 0000 00CB         delay_ms(8);
0000b8 e0a8      	LDI  R26,LOW(8)
0000b9 d0b4      	RCALL SUBOPT_0x0
                 ; 0000 00CC       //}
                 ; 0000 00CD       /*for(duty=255; duty>1; duty--)
                 ; 0000 00CE       {
                 ; 0000 00CF         OCR0=duty;
                 ; 0000 00D0         delay_ms(8);
                 ; 0000 00D1       } */
                 ; 0000 00D2       }
0000ba cfe9      	RJMP _0x7
                 ; 0000 00D3 }
                 _0xA:
0000bb cfff      	RJMP _0xA
                 ; .FEND
                 
                 	.DSEG
                 _0x6:
0000e0           	.BYTE 0xC
                 	#ifndef __SLEEP_DEFINED__
                 	#endif
                 
                 	.CSEG
                 
                 	.CSEG
                 _itoa:
                 ; .FSTART _itoa
0000bc 93ba      	ST   -Y,R27
0000bd 93aa      	ST   -Y,R26
0000be 91a9          ld   r26,y+
0000bf 91b9          ld   r27,y+
0000c0 91e9          ld   r30,y+
0000c1 91f9          ld   r31,y+
0000c2 9630          adiw r30,0
0000c3 f42a          brpl __itoa0
0000c4 95e0          com  r30
0000c5 95f0          com  r31
0000c6 9631          adiw r30,1
0000c7 e26d          ldi  r22,'-'
0000c8 936d          st   x+,r22
                 __itoa0:
0000c9 94e8          clt
0000ca e180          ldi  r24,low(10000)
0000cb e297          ldi  r25,high(10000)
0000cc d00d          rcall __itoa1
0000cd ee88          ldi  r24,low(1000)
0000ce e093          ldi  r25,high(1000)
0000cf d00a          rcall __itoa1
0000d0 e684          ldi  r24,100
0000d1 2799          clr  r25
0000d2 d007          rcall __itoa1
0000d3 e08a          ldi  r24,10
0000d4 d005          rcall __itoa1
0000d5 2f6e          mov  r22,r30
0000d6 d010          rcall __itoa5
0000d7 2766          clr  r22
0000d8 936c          st   x,r22
0000d9 9508          ret
                 
                 __itoa1:
0000da 2766          clr	 r22
                 __itoa2:
0000db 17e8          cp   r30,r24
0000dc 07f9          cpc  r31,r25
0000dd f020          brlo __itoa3
0000de 9563          inc  r22
0000df 1be8          sub  r30,r24
0000e0 0bf9          sbc  r31,r25
0000e1 f7c9          brne __itoa2
                 __itoa3:
0000e2 2366          tst  r22
0000e3 f411          brne __itoa4
0000e4 f016          brts __itoa5
0000e5 9508          ret
                 __itoa4:
0000e6 9468          set
                 __itoa5:
0000e7 5d60          subi r22,-0x30
0000e8 936d          st   x+,r22
0000e9 9508          ret
                 ; .FEND
                 
                 	.DSEG
                 
                 	.CSEG
                 	#ifndef __SLEEP_DEFINED__
                 	#endif
                 
                 	.DSEG
                 
                 	.CSEG
                 __lcd_write_nibble_G102:
                 ; .FSTART __lcd_write_nibble_G102
0000ea 93aa      	ST   -Y,R26
0000eb b3e5      	IN   R30,0x15
0000ec 70ef      	ANDI R30,LOW(0xF)
0000ed 2fae      	MOV  R26,R30
0000ee 81e8      	LD   R30,Y
0000ef 7fe0      	ANDI R30,LOW(0xF0)
0000f0 2bea      	OR   R30,R26
0000f1 bbe5      	OUT  0x15,R30
0000f2 d07d      	RCALL SUBOPT_0x1
0000f3 9aaa      	SBI  0x15,2
0000f4 d07b      	RCALL SUBOPT_0x1
0000f5 98aa      	CBI  0x15,2
0000f6 d079      	RCALL SUBOPT_0x1
0000f7 c074      	RJMP _0x20C0001
                 ; .FEND
                 __lcd_write_data:
                 ; .FSTART __lcd_write_data
0000f8 93aa      	ST   -Y,R26
0000f9 81a8      	LD   R26,Y
0000fa dfef      	RCALL __lcd_write_nibble_G102
0000fb 81e8          ld    r30,y
0000fc 95e2          swap  r30
0000fd 83e8          st    y,r30
0000fe 81a8      	LD   R26,Y
0000ff dfea      	RCALL __lcd_write_nibble_G102
                +
000100 ec88     +LDI R24 , LOW ( 200 )
000101 e090     +LDI R25 , HIGH ( 200 )
                +__DELAY_USW_LOOP :
000102 9701     +SBIW R24 , 1
000103 f7f1     +BRNE __DELAY_USW_LOOP
                 	__DELAY_USW 200
000104 c067      	RJMP _0x20C0001
                 ; .FEND
                 _lcd_gotoxy:
                 ; .FSTART _lcd_gotoxy
000105 93aa      	ST   -Y,R26
000106 81e8      	LD   R30,Y
000107 e0f0      	LDI  R31,0
000108 50eb      	SUBI R30,LOW(-__base_y_G102)
000109 4fff      	SBCI R31,HIGH(-__base_y_G102)
00010a 81e0      	LD   R30,Z
00010b 81a9      	LDD  R26,Y+1
00010c 0fae      	ADD  R26,R30
00010d dfea      	RCALL __lcd_write_data
00010e 8069      	LDD  R6,Y+1
00010f 8098      	LDD  R9,Y+0
000110 9622      	ADIW R28,2
000111 9508      	RET
                 ; .FEND
                 _lcd_clear:
                 ; .FSTART _lcd_clear
000112 e0a2      	LDI  R26,LOW(2)
000113 dfe4      	RCALL __lcd_write_data
000114 e0a3      	LDI  R26,LOW(3)
000115 d058      	RCALL SUBOPT_0x0
000116 e0ac      	LDI  R26,LOW(12)
000117 dfe0      	RCALL __lcd_write_data
000118 e0a1      	LDI  R26,LOW(1)
000119 dfde      	RCALL __lcd_write_data
00011a e0a3      	LDI  R26,LOW(3)
00011b d052      	RCALL SUBOPT_0x0
00011c e0e0      	LDI  R30,LOW(0)
00011d 2e9e      	MOV  R9,R30
00011e 2e6e      	MOV  R6,R30
00011f 9508      	RET
                 ; .FEND
                 _lcd_putchar:
                 ; .FSTART _lcd_putchar
000120 93aa      	ST   -Y,R26
000121 81a8      	LD   R26,Y
000122 30aa      	CPI  R26,LOW(0xA)
000123 f011      	BREQ _0x2040005
000124 1468      	CP   R6,R8
000125 f040      	BRLO _0x2040004
                 _0x2040005:
000126 e0e0      	LDI  R30,LOW(0)
000127 93ea      	ST   -Y,R30
000128 9493      	INC  R9
000129 2da9      	MOV  R26,R9
00012a dfda      	RCALL _lcd_gotoxy
00012b 81a8      	LD   R26,Y
00012c 30aa      	CPI  R26,LOW(0xA)
00012d f1f1      	BREQ _0x20C0001
                 _0x2040004:
00012e 9463      	INC  R6
00012f 9aa8      	SBI  0x15,0
000130 81a8      	LD   R26,Y
000131 dfc6      	RCALL __lcd_write_data
000132 98a8      	CBI  0x15,0
000133 c038      	RJMP _0x20C0001
                 ; .FEND
                 _lcd_puts:
                 ; .FSTART _lcd_puts
000134 93ba      	ST   -Y,R27
000135 93aa      	ST   -Y,R26
000136 931a      	ST   -Y,R17
                 _0x2040008:
000137 81a9      	LDD  R26,Y+1
000138 81ba      	LDD  R27,Y+1+1
000139 91ed      	LD   R30,X+
00013a 83a9      	STD  Y+1,R26
00013b 83ba      	STD  Y+1+1,R27
00013c 2f1e      	MOV  R17,R30
00013d 30e0      	CPI  R30,0
00013e f019      	BREQ _0x204000A
00013f 2fa1      	MOV  R26,R17
000140 dfdf      	RCALL _lcd_putchar
000141 cff5      	RJMP _0x2040008
                 _0x204000A:
000142 8118      	LDD  R17,Y+0
000143 9623      	ADIW R28,3
000144 9508      	RET
                 ; .FEND
                 _lcd_init:
                 ; .FSTART _lcd_init
000145 93aa      	ST   -Y,R26
000146 b3e4      	IN   R30,0x14
000147 6fe0      	ORI  R30,LOW(0xF0)
000148 bbe4      	OUT  0x14,R30
000149 9aa2      	SBI  0x14,2
00014a 9aa0      	SBI  0x14,0
00014b 9aa1      	SBI  0x14,1
00014c 98aa      	CBI  0x15,2
00014d 98a8      	CBI  0x15,0
00014e 98a9      	CBI  0x15,1
00014f 8088      	LDD  R8,Y+0
000150 81e8      	LD   R30,Y
000151 58e0      	SUBI R30,-LOW(128)
                +
000152 93e0 00f7+STS __base_y_G102 + ( 2 ) , R30
                 	__PUTB1MN __base_y_G102,2
000154 81e8      	LD   R30,Y
000155 54e0      	SUBI R30,-LOW(192)
                +
000156 93e0 00f8+STS __base_y_G102 + ( 3 ) , R30
                 	__PUTB1MN __base_y_G102,3
000158 e1a4      	LDI  R26,LOW(20)
000159 d014      	RCALL SUBOPT_0x0
00015a d019      	RCALL SUBOPT_0x2
00015b d018      	RCALL SUBOPT_0x2
00015c d017      	RCALL SUBOPT_0x2
00015d e2a0      	LDI  R26,LOW(32)
00015e df8b      	RCALL __lcd_write_nibble_G102
                +
00015f e980     +LDI R24 , LOW ( 400 )
000160 e091     +LDI R25 , HIGH ( 400 )
                +__DELAY_USW_LOOP :
000161 9701     +SBIW R24 , 1
000162 f7f1     +BRNE __DELAY_USW_LOOP
                 	__DELAY_USW 400
000163 e2a8      	LDI  R26,LOW(40)
000164 df93      	RCALL __lcd_write_data
000165 e0a4      	LDI  R26,LOW(4)
000166 df91      	RCALL __lcd_write_data
000167 e8a5      	LDI  R26,LOW(133)
000168 df8f      	RCALL __lcd_write_data
000169 e0a6      	LDI  R26,LOW(6)
00016a df8d      	RCALL __lcd_write_data
00016b dfa6      	RCALL _lcd_clear
                 _0x20C0001:
00016c 9621      	ADIW R28,1
00016d 9508      	RET
                 ; .FEND
                 
                 	.CSEG
                 
                 	.CSEG
                 
                 	.CSEG
                 
                 	.DSEG
                 _String:
0000ec           	.BYTE 0x5
                 __seed_G101:
0000f1           	.BYTE 0x4
                 __base_y_G102:
0000f5           	.BYTE 0x4
                 
                 	.CSEG
                 ;OPTIMIZER ADDED SUBROUTINE, CALLED 4 TIMES, CODE SIZE REDUCTION:1 WORDS
                 SUBOPT_0x0:
00016e e0b0      	LDI  R27,0
00016f c00b      	RJMP _delay_ms
                 
                 ;OPTIMIZER ADDED SUBROUTINE, CALLED 3 TIMES, CODE SIZE REDUCTION:2 WORDS
                 SUBOPT_0x1:
                +
000170 e18b     +LDI R24 , LOW ( 27 )
                +__DELAY_USB_LOOP :
000171 958a     +DEC R24
000172 f7f1     +BRNE __DELAY_USB_LOOP
                 	__DELAY_USB 27
000173 9508      	RET
                 
                 ;OPTIMIZER ADDED SUBROUTINE, CALLED 3 TIMES, CODE SIZE REDUCTION:8 WORDS
                 SUBOPT_0x2:
000174 e3a0      	LDI  R26,LOW(48)
000175 df74      	RCALL __lcd_write_nibble_G102
                +
000176 e980     +LDI R24 , LOW ( 400 )
000177 e091     +LDI R25 , HIGH ( 400 )
                +__DELAY_USW_LOOP :
000178 9701     +SBIW R24 , 1
000179 f7f1     +BRNE __DELAY_USW_LOOP
                 	__DELAY_USW 400
00017a 9508      	RET
                 
                 
                 	.CSEG
                 _delay_ms:
00017b 9610      	adiw r26,0
00017c f039      	breq __delay_ms1
                 __delay_ms0:
00017d 95a8      	wdr
                +
00017e ea80     +LDI R24 , LOW ( 0xFA0 )
00017f e09f     +LDI R25 , HIGH ( 0xFA0 )
                +__DELAY_USW_LOOP :
000180 9701     +SBIW R24 , 1
000181 f7f1     +BRNE __DELAY_USW_LOOP
                 	__DELAY_USW 0xFA0
000182 9711      	sbiw r26,1
000183 f7c9      	brne __delay_ms0
                 __delay_ms1:
000184 9508      	ret
                 
                 ;END OF CODE MARKER
                 __END_OF_CODE:


RESOURCE USE INFORMATION
------------------------

Notice:
The register and instruction counts are symbol table hit counts,
and hence implicitly used resources are not counted, eg, the
'lpm' instruction without operands implicitly uses r0 and z,
none of which are counted.

x,y,z are separate entities in the symbol table and are
counted separately from r26..r31 here.

.dseg memory usage only counts static data declared with .byte

ATmega8535 register use summary:
r0 :   4 r1 :   1 r2 :   0 r3 :   0 r4 :   3 r5 :   1 r6 :   4 r7 :   2 
r8 :   2 r9 :   4 r10:   0 r11:   0 r12:   0 r13:   0 r14:   0 r15:   0 
r16:   0 r17:   4 r18:   0 r19:   0 r20:   0 r21:   0 r22:  12 r23:   0 
r24:  25 r25:  11 r26:  49 r27:  12 r28:   4 r29:   1 r30: 104 r31:  10 
x  :   7 y  :  40 z  :   8 
Registers used: 21 out of 35 (60.0%)

ATmega8535 instruction use summary:
.lds  :   0 .lds.l:   0 .sts  :   0 .sts.l:   0 adc   :   0 add   :   1 
adiw  :   6 and   :   0 andi  :   2 asr   :   0 bclr  :   0 bld   :   0 
brbc  :   0 brbs  :   0 brcc  :   0 brcs  :   0 break :   0 breq  :   5 
brge  :   0 brhc  :   0 brhs  :   0 brid  :   0 brie  :   0 brlo  :   2 
brlt  :   0 brmi  :   0 brne  :  12 brpl  :   1 brsh  :   0 brtc  :   0 
brts  :   1 brvc  :   0 brvs  :   0 bset  :   0 bst   :   0 cbi   :   5 
cbr   :   0 clc   :   0 clh   :   0 cli   :   1 cln   :   0 clr   :   5 
cls   :   0 clt   :   1 clv   :   0 clz   :   0 com   :   2 cp    :   2 
cpc   :   1 cpi   :   3 cpse  :   0 dec   :   3 des   :   0 eor   :   0 
fmul  :   0 fmuls :   0 fmulsu:   0 icall :   0 ijmp  :   0 in    :   4 
inc   :   3 ld    :  17 ldd   :   7 ldi   :  68 lds   :   0 lpm   :   7 
lsl   :   0 lsr   :   0 mov   :   8 movw  :   4 mul   :   0 muls  :   0 
mulsu :   0 neg   :   0 nop   :   0 or    :   1 ori   :   2 out   :  45 
pop   :   0 push  :   0 rcall :  38 ret   :  10 reti  :   0 rjmp  :  32 
rol   :   0 ror   :   0 sbc   :   1 sbci  :   1 sbi   :   7 sbic  :   0 
sbis  :   1 sbiw  :   8 sbr   :   0 sbrc  :   0 sbrs  :   0 sec   :   0 
seh   :   0 sei   :   0 sen   :   0 ser   :   0 ses   :   0 set   :   1 
sev   :   0 sez   :   0 sleep :   0 spm   :   0 st    :  22 std   :   2 
sts   :   2 sub   :   1 subi  :   4 swap  :   1 tst   :   1 wdr   :   1 

Instructions used: 45 out of 114 (39.5%)

ATmega8535 memory use summary [bytes]:
Segment   Begin    End      Code   Data   Used    Size   Use%
---------------------------------------------------------------
[.cseg] 0x000000 0x00030a    708     70    778    8192   9.5%
[.dseg] 0x000060 0x0000f9      0     25     25     512   4.9%
[.eseg] 0x000000 0x000000      0      0      0     512   0.0%

Assembly complete, 0 errors, 8 warnings
